Determining if the pthread_create exist failed with the following output:
Change Dir: /home/magrathealabs/Personal/lang_tests/cpp/particles/cmake-build-relwithdebinfo/CMakeFiles/CMakeTmp

Run Build Command:"/bin/make" "cmTC_6b5b8/fast"
/bin/make -f CMakeFiles/cmTC_6b5b8.dir/build.make CMakeFiles/cmTC_6b5b8.dir/build
make[1]: Entering directory '/home/magrathealabs/Personal/lang_tests/cpp/particles/cmake-build-relwithdebinfo/CMakeFiles/CMakeTmp'
Building C object CMakeFiles/cmTC_6b5b8.dir/CheckSymbolExists.c.o
/bin/cc    -o CMakeFiles/cmTC_6b5b8.dir/CheckSymbolExists.c.o   -c /home/magrathealabs/Personal/lang_tests/cpp/particles/cmake-build-relwithdebinfo/CMakeFiles/CMakeTmp/CheckSymbolExists.c
Linking C executable cmTC_6b5b8
/home/magrathealabs/.local/share/JetBrains/Toolbox/apps/CLion/ch-0/182.4129.51/bin/cmake/linux/bin/cmake -E cmake_link_script CMakeFiles/cmTC_6b5b8.dir/link.txt --verbose=1
/bin/cc      -rdynamic CMakeFiles/cmTC_6b5b8.dir/CheckSymbolExists.c.o  -o cmTC_6b5b8 
/bin/ld: CMakeFiles/cmTC_6b5b8.dir/CheckSymbolExists.c.o: in function `main':
CheckSymbolExists.c:(.text+0x1b): undefined reference to `pthread_create'
collect2: error: ld returned 1 exit status
make[1]: *** [CMakeFiles/cmTC_6b5b8.dir/build.make:87: cmTC_6b5b8] Error 1
make[1]: Leaving directory '/home/magrathealabs/Personal/lang_tests/cpp/particles/cmake-build-relwithdebinfo/CMakeFiles/CMakeTmp'
make: *** [Makefile:121: cmTC_6b5b8/fast] Error 2

File /home/magrathealabs/Personal/lang_tests/cpp/particles/cmake-build-relwithdebinfo/CMakeFiles/CMakeTmp/CheckSymbolExists.c:
/* */
#include <pthread.h>

int main(int argc, char** argv)
{
  (void)argv;
#ifndef pthread_create
  return ((int*)(&pthread_create))[argc];
#else
  (void)argc;
  return 0;
#endif
}

Determining if the function pthread_create exists in the pthreads failed with the following output:
Change Dir: /home/magrathealabs/Personal/lang_tests/cpp/particles/cmake-build-relwithdebinfo/CMakeFiles/CMakeTmp

Run Build Command:"/bin/make" "cmTC_20363/fast"
/bin/make -f CMakeFiles/cmTC_20363.dir/build.make CMakeFiles/cmTC_20363.dir/build
make[1]: Entering directory '/home/magrathealabs/Personal/lang_tests/cpp/particles/cmake-build-relwithdebinfo/CMakeFiles/CMakeTmp'
Building C object CMakeFiles/cmTC_20363.dir/CheckFunctionExists.c.o
/bin/cc   -DCHECK_FUNCTION_EXISTS=pthread_create   -o CMakeFiles/cmTC_20363.dir/CheckFunctionExists.c.o   -c /home/magrathealabs/.local/share/JetBrains/Toolbox/apps/CLion/ch-0/182.4129.51/bin/cmake/linux/share/cmake-3.12/Modules/CheckFunctionExists.c
Linking C executable cmTC_20363
/home/magrathealabs/.local/share/JetBrains/Toolbox/apps/CLion/ch-0/182.4129.51/bin/cmake/linux/bin/cmake -E cmake_link_script CMakeFiles/cmTC_20363.dir/link.txt --verbose=1
/bin/cc  -DCHECK_FUNCTION_EXISTS=pthread_create    -rdynamic CMakeFiles/cmTC_20363.dir/CheckFunctionExists.c.o  -o cmTC_20363 -lpthreads 
/bin/ld: cannot find -lpthreads
collect2: error: ld returned 1 exit status
make[1]: *** [CMakeFiles/cmTC_20363.dir/build.make:87: cmTC_20363] Error 1
make[1]: Leaving directory '/home/magrathealabs/Personal/lang_tests/cpp/particles/cmake-build-relwithdebinfo/CMakeFiles/CMakeTmp'
make: *** [Makefile:121: cmTC_20363/fast] Error 2


