Determining if the pthread_create exist failed with the following output:
Change Dir: /home/magrathealabs/Personal/lang_tests/cpp/particles/cmake-build-release/CMakeFiles/CMakeTmp

Run Build Command:"/bin/make" "cmTC_f118d/fast"
/bin/make -f CMakeFiles/cmTC_f118d.dir/build.make CMakeFiles/cmTC_f118d.dir/build
make[1]: Entering directory '/home/magrathealabs/Personal/lang_tests/cpp/particles/cmake-build-release/CMakeFiles/CMakeTmp'
Building C object CMakeFiles/cmTC_f118d.dir/CheckSymbolExists.c.o
/bin/cc    -o CMakeFiles/cmTC_f118d.dir/CheckSymbolExists.c.o   -c /home/magrathealabs/Personal/lang_tests/cpp/particles/cmake-build-release/CMakeFiles/CMakeTmp/CheckSymbolExists.c
Linking C executable cmTC_f118d
/home/magrathealabs/.local/share/JetBrains/Toolbox/apps/CLion/ch-0/182.4129.51/bin/cmake/linux/bin/cmake -E cmake_link_script CMakeFiles/cmTC_f118d.dir/link.txt --verbose=1
/bin/cc      -rdynamic CMakeFiles/cmTC_f118d.dir/CheckSymbolExists.c.o  -o cmTC_f118d 
/bin/ld: CMakeFiles/cmTC_f118d.dir/CheckSymbolExists.c.o: in function `main':
CheckSymbolExists.c:(.text+0x1b): undefined reference to `pthread_create'
collect2: error: ld returned 1 exit status
make[1]: *** [CMakeFiles/cmTC_f118d.dir/build.make:87: cmTC_f118d] Error 1
make[1]: Leaving directory '/home/magrathealabs/Personal/lang_tests/cpp/particles/cmake-build-release/CMakeFiles/CMakeTmp'
make: *** [Makefile:121: cmTC_f118d/fast] Error 2

File /home/magrathealabs/Personal/lang_tests/cpp/particles/cmake-build-release/CMakeFiles/CMakeTmp/CheckSymbolExists.c:
/* */
#include <pthread.h>

int main(int argc, char** argv)
{
  (void)argv;
#ifndef pthread_create
  return ((int*)(&pthread_create))[argc];
#else
  (void)argc;
  return 0;
#endif
}

Determining if the function pthread_create exists in the pthreads failed with the following output:
Change Dir: /home/magrathealabs/Personal/lang_tests/cpp/particles/cmake-build-release/CMakeFiles/CMakeTmp

Run Build Command:"/bin/make" "cmTC_dd193/fast"
/bin/make -f CMakeFiles/cmTC_dd193.dir/build.make CMakeFiles/cmTC_dd193.dir/build
make[1]: Entering directory '/home/magrathealabs/Personal/lang_tests/cpp/particles/cmake-build-release/CMakeFiles/CMakeTmp'
Building C object CMakeFiles/cmTC_dd193.dir/CheckFunctionExists.c.o
/bin/cc   -DCHECK_FUNCTION_EXISTS=pthread_create   -o CMakeFiles/cmTC_dd193.dir/CheckFunctionExists.c.o   -c /home/magrathealabs/.local/share/JetBrains/Toolbox/apps/CLion/ch-0/182.4129.51/bin/cmake/linux/share/cmake-3.12/Modules/CheckFunctionExists.c
Linking C executable cmTC_dd193
/home/magrathealabs/.local/share/JetBrains/Toolbox/apps/CLion/ch-0/182.4129.51/bin/cmake/linux/bin/cmake -E cmake_link_script CMakeFiles/cmTC_dd193.dir/link.txt --verbose=1
/bin/cc  -DCHECK_FUNCTION_EXISTS=pthread_create    -rdynamic CMakeFiles/cmTC_dd193.dir/CheckFunctionExists.c.o  -o cmTC_dd193 -lpthreads 
/bin/ld: cannot find -lpthreads
collect2: error: ld returned 1 exit status
make[1]: *** [CMakeFiles/cmTC_dd193.dir/build.make:87: cmTC_dd193] Error 1
make[1]: Leaving directory '/home/magrathealabs/Personal/lang_tests/cpp/particles/cmake-build-release/CMakeFiles/CMakeTmp'
make: *** [Makefile:121: cmTC_dd193/fast] Error 2


